Jan 22 16:27 : exception: RTIOThread could not get realtime scheduling, continuing anyway: sched_setscheduler failed: Operation not permitted
Jan 22 16:27 : exception: Failed to open '/home/pavankumarp/.mpd/state': No such file or directory
Jan 22 16:27 : config: option 'options' on line 242 was not recognized
Jan 22 16:27 : update: added Instrumental/Unfinished Hope - Premam.mp3
Jan 22 16:27 : update: added Instrumental/Interstellar Theme - Hans Zimmer.mp3
Jan 22 16:27 : update: added Instrumental/Stay With Me - Goblin .mp3
Jan 22 16:27 : update: added Instrumental/No man no cry - Jimmy Sax (live)-89_KXT5ztTU.mp3
Jan 22 16:27 : update: added Party/Lady Gaga - Poker Face (Official Music Video)-bESGLojNYSo.mp3
Jan 22 16:27 : update: added Party/Why Mona - Wannabe.mp3
Jan 22 16:27 : update: added Party/Billie Eilish - bad guy.mp3
Jan 22 16:27 : update: added Party/The XX - Intro Vintage Culture, Bruno Be & Ownboss Remix.mp3
Jan 22 16:27 : update: added Party/TONES AND I - DANCE MONKEY.mp3
Jan 22 16:27 : update: added Party/Alan Walker - Faded-60ItHLz5WEA.mp3
Jan 22 16:27 : update: added Rock/In The End (Official Video) - Linkin Park-eVTXPUF4Oz4.mp3
Jan 22 16:27 : update: added Telugu/Andala Rakshasi Video Songs - Ye Mantramo Song - Vel Records-WE_k7v8QTXo.mp3
Jan 22 16:27 : update: added Telugu/Nenusaitham Full Song II Tagore Songs II Chiranjeevi, Shreya-I_jMsc77IE4.mp3
Jan 22 16:27 : update: added Telugu/Dheera Dheera Full Video Song _ KGF Telugu Movie _ Yash _ Prashanth Neel _ Hombale _ Ravi Basrur-pHl_MjgPiZo.mp3
Jan 22 16:27 : update: added Telugu/Buttabomma.mp3
Jan 22 16:27 : update: added Telugu/Leader Instrumental-9OYswxQPlnE.mp3
Jan 22 16:27 : update: added Telugu/Nuvvostanante Nenoddantana Video Songs _ Niluvaddam Ninne Video Song _ Siddharth-fdEzDqiSC3U.mp3
Jan 22 16:27 : update: added Telugu/Kanulu Therichina Lyrical Video _ Creative Lyrics By S@m _ Aanandham Songs -BXkdXtwFd_0.mp3
Jan 22 16:27 : update: added Telugu/Chamka Chamka Full Song _ Chirutha Movie _ Ram Charan Teja, Neha-_wAjBV5hFtc.mp3
Jan 22 16:27 : update: added Telugu/DJ Duvvada Jagannadham Video Songs - Gudilo Badilo Full Video Song -  Allu Arjun, Pooja Hegde-cFzAw52wR2E.mp3
Jan 22 16:27 : update: added Telugu/Chododhantunna Video Song - Pokiri Movie _ Mahesh Babu _ Ileana _ Mani Sharma-E6I0DTlkeQ8.mp3
Jan 22 16:27 : update: added Telugu/#AlaVaikunthapurramuloo - Ramuloo Ramulaa Full Video Song _ Allu Arjun _ Trivikram _ Thaman S-Bg8Yb9zGYyA.mp3
Jan 22 16:27 : update: added Telugu/Aarya-2 - Uppenantha Video _ Allu Arjun _ Devi Sri Prasad-TIOZUdc0aL8.mp3
Jan 22 16:27 : update: added Telugu/Vastha Nee Venuka Full Song  ll Nani Songs ll  Mahesh Babu,Amisha Patel-D_4nLWISLu4.mp3
Jan 22 16:27 : update: added Telugu/Nannaku Prematho Title Song _ Dedicated to Sri Satyamurthy Garu _ DSP and Sagar _ #FathersDay-Mxyy2cRBLbE.mp3
Jan 22 16:27 : update: added Telugu/#AlaVaikunthapurramuloo - Samajavaragamana Full Video Song (4K) _ Allu Arjun _ Trivikram _ Thaman S-OCg6BWlAXSw.mp3
Jan 22 16:27 : update: added Telugu/Agni Skalana Full Song ll Chatrapathi Movie ll Prabhas, Shreya-NTfhqNcqo6A.mp3
Jan 22 16:27 : update: added Telugu/Panchadara Bomma Full Video Song _ Magadheera Movie _ Ram Charan, Kajal Agarwal-qTE453yc1rc.mp3
Jan 22 16:27 : update: added Telugu/Manassa Song With Lyrics _ Munna Movie Songs _ Prabhas, lleana-kZL_70CLyrg.mp3
Jan 22 16:27 : update: added Telugu/Mukkala Mukkabala Lyrical _ Premikudu Movie Songs _ Prabhu Deva, Nagma _ A R Rahman, Shankar-5Fer1pCxXPA.mp3
Jan 22 16:27 : update: added Telugu/Oh Priya Priya Full Video Song _ Ishq Movie _ Nitin _ Nithya Menon _ Anup Rubens-291X-45t83A.mp3
Jan 22 16:27 : update: added Telugu/Dhasaavathaaram (Telugu) - Rayini Maatram Video _ Kamal Haasan, Asin _ Himesh-ir12Boxh__Q.mp3
Jan 22 16:27 : update: added Feeling/Nuvvu Nenu Prema Songs _ New York Nagaram Video Song _ Suriya, Jyothika _ Sri Balaji Video-uP3Rc4Tw8TE.mp3
Jan 22 16:27 : update: added Feeling/Shawn Mendes - Treat You Better-lY2yjAdbvdQ.mp3
Jan 22 16:27 : update: added Feeling/'Sun Raha Hai Na Tu Female Version' By Shreya Ghoshal Aashiqui 2 Full Video Song -inEu2qQuGZ8.mp3
Jan 22 16:27 : update: added Feeling/Ed Sheeran - Perfect (Official Music Video)-2Vv-BfVoq4g.mp3
Jan 22 16:27 : update: added Feeling/Surya Son of Krishnan Movie _ Nalone Pongenu Narmada Video Song _ Surya, Sameera Reddy, Ramya-7dhKeHT2Bdk.mp3
Jan 22 16:27 : update: added Feeling/Bhula Dena Mujhe - Aashiqui 2 Full Video Song with Lyrics - Asra Afghan-q2vbn-MbDhA.mp3
Jan 22 16:27 : update: added Epic/Two Steps From Hell - Never Back Down.mp3
Jan 22 16:27 : update: added Epic/Wonder Woman Theme - Hans Zimmer.mp3
Jan 22 16:27 : update: added Epic/The Wolf And The Moon - BrunuhVille.mp3
Jan 22 16:27 : update: added Epic/Artemisia Theme - 300.mp3
Jan 22 16:27 : update: added Epic/Iron Man OST - Driving With The Top Down-I9PhfUsFvj0.mp3
Jan 22 16:27 : update: added Melody/Adiga Adiga - Ninnu Kori.mp3
Jan 22 16:27 : update: added Melody/Raabta.mp3
Jan 22 16:27 : update: added Melody/Now We Are Free - Hans Zimmer.mp3
Jan 22 16:27 : update: added Melody/Aurora - Runaway _ Hindi Version _ Vipasha Malhotra.mp3
Jan 22 16:27 : avahi: Service 'Music Player @ Neo' successfully established.
Jan 22 16:27 : client: [0] opened from 127.0.0.1:48118
Jan 22 16:27 : exception: Failed to read mixer for 'My ALSA Device': no such mixer control: PCM
Jan 22 16:30 : client: [1] opened from 127.0.0.1:48120
Jan 22 16:30 : client: [1] closed
Jan 22 16:32 : exception: RTIOThread could not get realtime scheduling, continuing anyway: sched_setscheduler failed: Operation not permitted
Jan 22 16:32 : exception: Failed to open '/home/pavankumarp/.mpd/state': No such file or directory
Jan 22 16:32 : config: option 'options' on line 242 was not recognized
Jan 22 16:32 : avahi: Service 'Music Player @ Neo' successfully established.
Jan 22 16:32 : client: [0] opened from 127.0.0.1:48122
Jan 22 16:32 : exception: Failed to read mixer for 'My ALSA Device': no such mixer control: PCM
Jan 22 16:32 : client: [0] closed
Jan 22 16:32 : client: [1] opened from 127.0.0.1:48124
Jan 22 16:33 : exception: OutputThread could not get realtime scheduling, continuing anyway: sched_setscheduler failed: Operation not permitted
Jan 22 16:33 : exception: Failed to open mixer for 'My ALSA Device': no such mixer control: PCM
Jan 22 16:33 : client: [1] closed
Jan 22 16:34 : client: [2] opened from 127.0.0.1:48128
Jan 22 16:36 : player: played "Epic/Iron Man OST - Driving With The Top Down-I9PhfUsFvj0.mp3"
Jan 22 16:37 : client: [2] closed
Jan 22 16:37 : client: [3] opened from 127.0.0.1:48130
Jan 22 16:37 : client: [4] opened from 127.0.0.1:48132
Jan 22 16:37 : exception: Failed to open mixer for 'My ALSA Device': no such mixer control: PCM
Jan 22 16:37 : client: [4] closed
Jan 22 16:37 : client: [5] opened from 127.0.0.1:48134
Jan 22 16:37 : player: played "Epic/Iron Man OST - Driving With The Top Down-I9PhfUsFvj0.mp3"
Jan 22 16:37 : client: [5] closed
Jan 22 16:37 : client: [6] opened from 127.0.0.1:48136
Jan 22 16:38 : exception: Failed to open mixer for 'My ALSA Device': no such mixer control: PCM
Jan 22 16:39 : client: [6] closed
Jan 22 16:43 : player: played "Epic/The Wolf And The Moon - BrunuhVille.mp3"
Jan 22 16:43 : alsa_output: Decoder is too slow; playing silence to avoid xrun
Jan 22 16:43 : exception: Failed to open mixer for 'My ALSA Device': no such mixer control: PCM
Jan 22 16:46 : player: played "Epic/Two Steps From Hell - Never Back Down.mp3"
Jan 22 16:48 : player: played "Epic/Wonder Woman Theme - Hans Zimmer.mp3"
Jan 22 16:49 : zeroconf: No global port, disabling zeroconf
Jan 22 16:49 : exception: RTIOThread could not get realtime scheduling, continuing anyway: sched_setscheduler failed: Operation not permitted
Jan 22 16:49 : config: option 'options' on line 242 was not recognized
Jan 22 16:49 : exception: OutputThread could not get realtime scheduling, continuing anyway: sched_setscheduler failed: Operation not permitted
Jan 22 16:49 : client: [0] opened from 127.0.0.1:52806
Jan 22 16:49 : exception: Failed to read mixer for 'My ALSA Device': no such mixer control: PCM
Jan 22 16:49 : exception: Failed to open mixer for 'My ALSA Device': no such mixer control: PCM
Jan 22 16:49 : client: [1] opened from 127.0.0.1:52808
Jan 22 16:49 : client: [1] closed
Jan 22 16:52 : client: [0] closed
Jan 22 16:52 : player: played "Epic/Wonder Woman Theme - Hans Zimmer.mp3"
Jan 22 16:53 : exception: RTIOThread could not get realtime scheduling, continuing anyway: sched_setscheduler failed: Operation not permitted
Jan 22 16:53 : config: option 'options' on line 242 was not recognized
Jan 22 16:53 : exception: OutputThread could not get realtime scheduling, continuing anyway: sched_setscheduler failed: Operation not permitted
Jan 22 16:53 : avahi: Service 'Music Player @ Neo' successfully established.
Jan 22 16:53 : client: [0] opened from 127.0.0.1:54590
Jan 22 16:53 : exception: Failed to read mixer for 'My ALSA Device': no such mixer control: PCM
Jan 22 16:53 : client: [1] opened from 127.0.0.1:54592
Jan 22 16:53 : exception: Failed to open mixer for 'My ALSA Device': no such mixer control: PCM
Jan 22 16:53 : client: [1] closed
Jan 22 16:53 : client: [2] opened from 127.0.0.1:54594
Jan 22 16:53 : client: [2] closed
Jan 22 16:53 : client: [3] opened from 127.0.0.1:54596
Jan 22 16:53 : exception: Failed to open mixer for 'My ALSA Device': no such mixer control: PCM
Jan 22 16:53 : client: [3] closed
Jan 22 16:53 : client: [4] opened from 127.0.0.1:54598
Jan 22 16:53 : client: [4] closed
Jan 22 16:53 : client: [5] opened from 127.0.0.1:54600
Jan 22 16:53 : client: [5] closed
Jan 22 16:53 : client: [6] opened from 127.0.0.1:54602
Jan 22 16:53 : client: [6] closed
Jan 22 16:53 : client: [7] opened from 127.0.0.1:54604
Jan 22 16:53 : client: [7] closed
Jan 22 16:57 : player: played "Feeling/'Sun Raha Hai Na Tu Female Version' By Shreya Ghoshal Aashiqui 2 Full Video Song -inEu2qQuGZ8.mp3"
Jan 22 17:01 : player: played "Feeling/Bhula Dena Mujhe - Aashiqui 2 Full Video Song with Lyrics - Asra Afghan-q2vbn-MbDhA.mp3"
Jan 22 17:07 : player: played "Instrumental/No man no cry - Jimmy Sax (live)-89_KXT5ztTU.mp3"
Jan 22 17:07 : exception: Failed to open mixer for 'My ALSA Device': no such mixer control: PCM
